mode: count
full-stack-assesment/internal/helpers/helpers.go:16.58,20.2 3 0
full-stack-assesment/internal/helpers/helpers.go:22.83,24.2 1 0
full-stack-assesment/internal/helpers/helpers.go:26.64,31.2 1 0
full-stack-assesment/internal/helpers/helpers.go:33.26,33.78 1 0
full-stack-assesment/internal/helpers/helpers.go:35.41,36.59 1 0
full-stack-assesment/internal/helpers/helpers.go:36.59,38.3 1 0
full-stack-assesment/internal/helpers/helpers.go:39.2,39.25 1 0
full-stack-assesment/internal/helpers/helpers.go:42.92,45.16 3 0
full-stack-assesment/internal/helpers/helpers.go:45.16,48.3 2 0
full-stack-assesment/internal/helpers/helpers.go:49.2,49.16 1 0
full-stack-assesment/internal/helpers/helpers.go:52.36,54.16 2 0
full-stack-assesment/internal/helpers/helpers.go:54.16,56.3 1 0
full-stack-assesment/internal/helpers/helpers.go:57.2,57.22 1 0
full-stack-assesment/internal/helpers/helpers.go:60.41,61.12 1 0
full-stack-assesment/internal/helpers/helpers.go:61.12,63.3 1 0
full-stack-assesment/internal/helpers/helpers.go:64.2,64.13 1 0
full-stack-assesment/internal/helpers/helpers.go:64.13,66.3 1 0
full-stack-assesment/internal/helpers/helpers.go:67.2,67.13 1 0
full-stack-assesment/internal/helpers/helpers.go:67.13,69.3 1 0
full-stack-assesment/internal/helpers/helpers.go:70.2,70.10 1 0
full-stack-assesment/internal/helpers/helpers.go:73.57,76.34 3 0
full-stack-assesment/internal/helpers/helpers.go:76.34,77.44 1 0
full-stack-assesment/internal/helpers/helpers.go:77.44,79.4 1 0
full-stack-assesment/internal/helpers/helpers.go:81.2,81.35 1 0
full-stack-assesment/internal/helpers/helpers.go:81.35,82.54 1 0
full-stack-assesment/internal/helpers/helpers.go:82.54,84.4 1 0
full-stack-assesment/internal/helpers/helpers.go:86.2,86.8 1 0
full-stack-assesment/internal/helpers/helpers.go:89.47,91.11 2 0
full-stack-assesment/internal/helpers/helpers.go:92.37,93.17 1 0
full-stack-assesment/internal/helpers/helpers.go:94.10,95.19 1 0
full-stack-assesment/internal/service/projects/projects-svc.go:19.64,21.2 1 0
full-stack-assesment/internal/service/projects/projects-svc.go:23.117,25.16 2 0
full-stack-assesment/internal/service/projects/projects-svc.go:25.16,27.3 1 0
full-stack-assesment/internal/service/projects/projects-svc.go:28.2,28.29 1 0
full-stack-assesment/internal/service/projects/projects-svc.go:28.29,30.3 1 0
full-stack-assesment/internal/service/projects/projects-svc.go:32.2,43.16 5 0
full-stack-assesment/internal/service/projects/projects-svc.go:43.16,44.126 1 0
full-stack-assesment/internal/service/projects/projects-svc.go:44.126,46.4 1 0
full-stack-assesment/internal/service/projects/projects-svc.go:47.3,47.18 1 0
full-stack-assesment/internal/service/projects/projects-svc.go:50.2,50.22 1 0
full-stack-assesment/internal/service/projects/projects-svc.go:53.86,55.16 2 0
full-stack-assesment/internal/service/projects/projects-svc.go:55.16,57.3 1 0
full-stack-assesment/internal/service/projects/projects-svc.go:58.2,58.22 1 0
full-stack-assesment/internal/service/projects/projects-svc.go:61.92,62.67 1 0
full-stack-assesment/internal/service/projects/projects-svc.go:62.67,64.3 1 0
full-stack-assesment/internal/service/projects/projects-svc.go:65.2,65.12 1 0
full-stack-assesment/internal/middleware/cors.go:8.53,9.71 1 0
full-stack-assesment/internal/middleware/cors.go:9.71,17.28 5 0
full-stack-assesment/internal/middleware/cors.go:17.28,20.4 2 0
full-stack-assesment/internal/middleware/cors.go:23.3,23.23 1 0
full-stack-assesment/internal/middleware/logging.go:14.63,16.2 1 0
full-stack-assesment/internal/middleware/logging.go:20.49,23.2 2 0
full-stack-assesment/internal/middleware/logging.go:27.59,28.24 1 0
full-stack-assesment/internal/middleware/logging.go:28.24,30.3 1 0
full-stack-assesment/internal/middleware/logging.go:31.2,31.38 1 0
full-stack-assesment/internal/middleware/logging.go:35.56,36.71 1 0
full-stack-assesment/internal/middleware/logging.go:36.71,44.3 3 0
full-stack-assesment/internal/middleware/recoverer.go:9.56,10.71 1 0
full-stack-assesment/internal/middleware/recoverer.go:10.71,11.16 1 0
full-stack-assesment/internal/middleware/recoverer.go:11.16,12.36 1 0
full-stack-assesment/internal/middleware/recoverer.go:12.36,23.5 4 0
full-stack-assesment/internal/middleware/recoverer.go:26.3,26.23 1 0
full-stack-assesment/internal/repo/task/task-repo.go:31.52,33.2 1 0
full-stack-assesment/internal/repo/task/task-repo.go:35.75,41.26 3 0
full-stack-assesment/internal/repo/task/task-repo.go:41.26,43.3 1 0
full-stack-assesment/internal/repo/task/task-repo.go:44.2,46.126 3 0
full-stack-assesment/internal/repo/task/task-repo.go:46.126,48.3 1 0
full-stack-assesment/internal/repo/task/task-repo.go:49.2,49.12 1 0
full-stack-assesment/internal/repo/task/task-repo.go:52.110,61.26 4 0
full-stack-assesment/internal/repo/task/task-repo.go:61.26,63.3 1 0
full-stack-assesment/internal/repo/task/task-repo.go:64.2,64.16 1 0
full-stack-assesment/internal/repo/task/task-repo.go:64.16,66.3 1 0
full-stack-assesment/internal/repo/task/task-repo.go:68.2,72.31 1 0
full-stack-assesment/internal/repo/task/task-repo.go:72.31,73.18 1 0
full-stack-assesment/internal/repo/task/task-repo.go:73.18,75.5 1 0
full-stack-assesment/internal/repo/task/task-repo.go:76.4,76.16 1 0
full-stack-assesment/internal/repo/task/task-repo.go:82.2,82.18 1 0
full-stack-assesment/internal/repo/task/task-repo.go:85.122,95.16 3 0
full-stack-assesment/internal/repo/task/task-repo.go:95.16,97.3 1 0
full-stack-assesment/internal/repo/task/task-repo.go:98.2,101.18 3 0
full-stack-assesment/internal/repo/task/task-repo.go:101.18,103.97 2 0
full-stack-assesment/internal/repo/task/task-repo.go:103.97,105.4 1 0
full-stack-assesment/internal/repo/task/task-repo.go:106.3,107.36 2 0
full-stack-assesment/internal/repo/task/task-repo.go:107.36,110.4 2 0
full-stack-assesment/internal/repo/task/task-repo.go:113.3,121.5 1 0
full-stack-assesment/internal/repo/task/task-repo.go:123.2,123.17 1 0
full-stack-assesment/internal/repo/task/task-repo.go:126.97,130.16 3 0
full-stack-assesment/internal/repo/task/task-repo.go:130.16,132.3 1 0
full-stack-assesment/internal/repo/task/task-repo.go:133.2,134.14 2 0
full-stack-assesment/internal/repo/task/task-repo.go:134.14,136.3 1 0
full-stack-assesment/internal/repo/task/task-repo.go:137.2,137.12 1 0
full-stack-assesment/internal/repo/task/task-repo.go:140.86,148.16 3 0
full-stack-assesment/internal/repo/task/task-repo.go:148.16,150.3 1 0
full-stack-assesment/internal/repo/task/task-repo.go:151.2,152.14 2 0
full-stack-assesment/internal/repo/task/task-repo.go:152.14,154.3 1 0
full-stack-assesment/internal/repo/task/task-repo.go:155.2,155.12 1 0
full-stack-assesment/internal/repo/projects/projects-repo.go:32.60,34.2 1 0
full-stack-assesment/internal/repo/projects/projects-repo.go:36.88,41.125 2 0
full-stack-assesment/internal/repo/projects/projects-repo.go:41.125,43.3 1 0
full-stack-assesment/internal/repo/projects/projects-repo.go:44.2,44.12 1 0
full-stack-assesment/internal/repo/projects/projects-repo.go:47.82,54.16 3 0
full-stack-assesment/internal/repo/projects/projects-repo.go:54.16,56.3 1 0
full-stack-assesment/internal/repo/projects/projects-repo.go:57.2,57.15 1 0
full-stack-assesment/internal/repo/projects/projects-repo.go:57.15,57.35 1 0
full-stack-assesment/internal/repo/projects/projects-repo.go:59.2,60.18 2 0
full-stack-assesment/internal/repo/projects/projects-repo.go:60.18,62.70 2 0
full-stack-assesment/internal/repo/projects/projects-repo.go:62.70,64.4 1 0
full-stack-assesment/internal/repo/projects/projects-repo.go:65.3,66.22 2 0
full-stack-assesment/internal/repo/projects/projects-repo.go:66.22,68.4 1 0
full-stack-assesment/internal/repo/projects/projects-repo.go:69.3,74.5 1 0
full-stack-assesment/internal/repo/projects/projects-repo.go:76.2,76.35 1 0
full-stack-assesment/internal/repo/projects/projects-repo.go:76.35,78.3 1 0
full-stack-assesment/internal/repo/projects/projects-repo.go:79.2,79.22 1 0
full-stack-assesment/internal/repo/projects/projects-repo.go:82.95,85.75 3 0
full-stack-assesment/internal/repo/projects/projects-repo.go:85.75,86.27 1 0
full-stack-assesment/internal/repo/projects/projects-repo.go:86.27,88.4 1 0
full-stack-assesment/internal/repo/projects/projects-repo.go:89.3,89.13 1 0
full-stack-assesment/internal/repo/projects/projects-repo.go:91.2,91.12 1 0
full-stack-assesment/internal/migrate/run.go:16.51,19.52 2 0
full-stack-assesment/internal/migrate/run.go:19.52,21.3 1 0
full-stack-assesment/internal/migrate/run.go:23.2,23.63 1 0
full-stack-assesment/internal/migrate/run.go:23.63,25.3 1 0
full-stack-assesment/internal/migrate/run.go:27.2,27.67 1 0
full-stack-assesment/internal/migrate/run.go:27.67,29.3 1 0
full-stack-assesment/internal/migrate/run.go:30.2,30.12 1 0
full-stack-assesment/internal/migrate/run.go:33.53,35.52 2 0
full-stack-assesment/internal/migrate/run.go:35.52,37.3 1 0
full-stack-assesment/internal/migrate/run.go:38.2,38.49 1 0
full-stack-assesment/internal/migrate/run.go:41.51,43.52 2 0
full-stack-assesment/internal/migrate/run.go:43.52,45.3 1 0
full-stack-assesment/internal/migrate/run.go:46.2,46.50 1 0
full-stack-assesment/internal/store/db.go:24.53,27.16 3 0
full-stack-assesment/internal/store/db.go:27.16,29.3 1 0
full-stack-assesment/internal/store/db.go:31.2,34.55 3 0
full-stack-assesment/internal/store/db.go:34.55,37.3 2 0
full-stack-assesment/internal/store/db.go:38.2,38.16 1 0
full-stack-assesment/internal/service/task/task-svc.go:23.101,28.2 1 0
full-stack-assesment/internal/service/task/task-svc.go:30.119,33.17 2 0
full-stack-assesment/internal/service/task/task-svc.go:33.17,35.3 1 0
full-stack-assesment/internal/service/task/task-svc.go:36.2,36.22 1 0
full-stack-assesment/internal/service/task/task-svc.go:36.22,38.3 1 0
full-stack-assesment/internal/service/task/task-svc.go:39.2,40.27 2 0
full-stack-assesment/internal/service/task/task-svc.go:40.27,41.71 1 0
full-stack-assesment/internal/service/task/task-svc.go:41.71,43.4 1 0
full-stack-assesment/internal/service/task/task-svc.go:43.9,45.4 1 0
full-stack-assesment/internal/service/task/task-svc.go:48.2,48.78 1 0
full-stack-assesment/internal/service/task/task-svc.go:48.78,50.3 1 0
full-stack-assesment/internal/service/task/task-svc.go:52.2,65.49 4 0
full-stack-assesment/internal/service/task/task-svc.go:65.49,67.3 1 0
full-stack-assesment/internal/service/task/task-svc.go:68.2,68.19 1 0
full-stack-assesment/internal/service/task/task-svc.go:71.111,73.16 2 0
full-stack-assesment/internal/service/task/task-svc.go:73.16,75.3 1 0
full-stack-assesment/internal/service/task/task-svc.go:76.2,76.18 1 0
full-stack-assesment/internal/service/task/task-svc.go:79.126,81.78 1 0
full-stack-assesment/internal/service/task/task-svc.go:81.78,83.3 1 0
full-stack-assesment/internal/service/task/task-svc.go:85.2,92.26 2 0
full-stack-assesment/internal/service/task/task-svc.go:92.26,93.70 1 0
full-stack-assesment/internal/service/task/task-svc.go:93.70,96.4 2 0
full-stack-assesment/internal/service/task/task-svc.go:96.9,98.4 1 0
full-stack-assesment/internal/service/task/task-svc.go:100.2,100.21 1 0
full-stack-assesment/internal/service/task/task-svc.go:100.21,102.14 2 0
full-stack-assesment/internal/service/task/task-svc.go:102.14,105.4 2 0
full-stack-assesment/internal/service/task/task-svc.go:107.2,107.25 1 0
full-stack-assesment/internal/service/task/task-svc.go:107.25,109.3 1 0
full-stack-assesment/internal/service/task/task-svc.go:110.2,110.49 1 0
full-stack-assesment/internal/service/task/task-svc.go:110.49,112.3 1 0
full-stack-assesment/internal/service/task/task-svc.go:114.2,117.16 3 0
full-stack-assesment/internal/service/task/task-svc.go:117.16,119.3 1 0
full-stack-assesment/internal/service/task/task-svc.go:121.2,121.19 1 0
full-stack-assesment/internal/service/task/task-svc.go:124.98,125.80 1 0
full-stack-assesment/internal/service/task/task-svc.go:125.80,127.3 1 0
full-stack-assesment/internal/service/task/task-svc.go:128.2,128.66 1 0
full-stack-assesment/internal/service/task/task-svc.go:128.66,130.3 1 0
full-stack-assesment/internal/service/task/task-svc.go:131.2,131.12 1 0
full-stack-assesment/internal/service/task/task-svc.go:134.87,136.54 1 0
full-stack-assesment/internal/service/task/task-svc.go:136.54,138.3 1 0
full-stack-assesment/internal/service/task/task-svc.go:139.2,139.12 1 0
full-stack-assesment/internal/api/server.gen.go:63.86,65.88 1 1
full-stack-assesment/internal/api/server.gen.go:65.88,67.3 1 1
full-stack-assesment/internal/api/server.gen.go:69.2,69.52 1 1
full-stack-assesment/internal/api/server.gen.go:69.52,71.3 1 0
full-stack-assesment/internal/api/server.gen.go:73.2,73.25 1 1
full-stack-assesment/internal/api/server.gen.go:77.89,79.88 1 1
full-stack-assesment/internal/api/server.gen.go:79.88,81.3 1 1
full-stack-assesment/internal/api/server.gen.go:83.2,83.52 1 1
full-stack-assesment/internal/api/server.gen.go:83.52,85.3 1 0
full-stack-assesment/internal/api/server.gen.go:87.2,87.25 1 1
full-stack-assesment/internal/api/server.gen.go:91.90,93.88 1 4
full-stack-assesment/internal/api/server.gen.go:93.88,95.3 1 4
full-stack-assesment/internal/api/server.gen.go:97.2,97.52 1 4
full-stack-assesment/internal/api/server.gen.go:97.52,99.3 1 0
full-stack-assesment/internal/api/server.gen.go:101.2,101.25 1 4
full-stack-assesment/internal/api/server.gen.go:105.86,113.16 4 8
full-stack-assesment/internal/api/server.gen.go:113.16,116.3 2 0
full-stack-assesment/internal/api/server.gen.go:119.2,124.16 3 8
full-stack-assesment/internal/api/server.gen.go:124.16,127.3 2 0
full-stack-assesment/internal/api/server.gen.go:131.2,132.16 2 8
full-stack-assesment/internal/api/server.gen.go:132.16,135.3 2 0
full-stack-assesment/internal/api/server.gen.go:139.2,140.16 2 8
full-stack-assesment/internal/api/server.gen.go:140.16,143.3 2 0
full-stack-assesment/internal/api/server.gen.go:147.2,148.16 2 8
full-stack-assesment/internal/api/server.gen.go:148.16,151.3 2 0
full-stack-assesment/internal/api/server.gen.go:153.2,153.88 1 8
full-stack-assesment/internal/api/server.gen.go:153.88,155.3 1 8
full-stack-assesment/internal/api/server.gen.go:157.2,157.52 1 8
full-stack-assesment/internal/api/server.gen.go:157.52,159.3 1 0
full-stack-assesment/internal/api/server.gen.go:161.2,161.25 1 8
full-stack-assesment/internal/api/server.gen.go:165.87,173.16 4 12
full-stack-assesment/internal/api/server.gen.go:173.16,176.3 2 1
full-stack-assesment/internal/api/server.gen.go:178.2,178.88 1 11
full-stack-assesment/internal/api/server.gen.go:178.88,180.3 1 11
full-stack-assesment/internal/api/server.gen.go:182.2,182.52 1 11
full-stack-assesment/internal/api/server.gen.go:182.52,184.3 1 0
full-stack-assesment/internal/api/server.gen.go:186.2,186.25 1 11
full-stack-assesment/internal/api/server.gen.go:190.87,198.16 4 3
full-stack-assesment/internal/api/server.gen.go:198.16,201.3 2 0
full-stack-assesment/internal/api/server.gen.go:204.2,207.16 3 3
full-stack-assesment/internal/api/server.gen.go:207.16,210.3 2 0
full-stack-assesment/internal/api/server.gen.go:212.2,212.88 1 3
full-stack-assesment/internal/api/server.gen.go:212.88,214.3 1 3
full-stack-assesment/internal/api/server.gen.go:216.2,216.52 1 3
full-stack-assesment/internal/api/server.gen.go:216.52,218.3 1 0
full-stack-assesment/internal/api/server.gen.go:220.2,220.25 1 3
full-stack-assesment/internal/api/server.gen.go:224.84,232.16 4 2
full-stack-assesment/internal/api/server.gen.go:232.16,235.3 2 0
full-stack-assesment/internal/api/server.gen.go:238.2,241.16 3 2
full-stack-assesment/internal/api/server.gen.go:241.16,244.3 2 0
full-stack-assesment/internal/api/server.gen.go:246.2,246.88 1 2
full-stack-assesment/internal/api/server.gen.go:246.88,248.3 1 2
full-stack-assesment/internal/api/server.gen.go:250.2,250.52 1 2
full-stack-assesment/internal/api/server.gen.go:250.52,252.3 1 0
full-stack-assesment/internal/api/server.gen.go:254.2,254.25 1 2
full-stack-assesment/internal/api/server.gen.go:258.87,266.16 4 8
full-stack-assesment/internal/api/server.gen.go:266.16,269.3 2 0
full-stack-assesment/internal/api/server.gen.go:272.2,275.16 3 8
full-stack-assesment/internal/api/server.gen.go:275.16,278.3 2 0
full-stack-assesment/internal/api/server.gen.go:280.2,280.88 1 8
full-stack-assesment/internal/api/server.gen.go:280.88,282.3 1 8
full-stack-assesment/internal/api/server.gen.go:284.2,284.52 1 8
full-stack-assesment/internal/api/server.gen.go:284.52,286.3 1 0
full-stack-assesment/internal/api/server.gen.go:288.2,288.25 1 8
full-stack-assesment/internal/api/server.gen.go:296.52,298.2 1 0
full-stack-assesment/internal/api/server.gen.go:300.52,302.2 1 0
full-stack-assesment/internal/api/server.gen.go:309.49,311.2 1 0
full-stack-assesment/internal/api/server.gen.go:313.49,315.2 1 0
full-stack-assesment/internal/api/server.gen.go:321.45,323.2 1 0
full-stack-assesment/internal/api/server.gen.go:330.46,332.2 1 0
full-stack-assesment/internal/api/server.gen.go:334.46,336.2 1 0
full-stack-assesment/internal/api/server.gen.go:343.50,345.2 1 1
full-stack-assesment/internal/api/server.gen.go:347.50,349.2 1 0
full-stack-assesment/internal/api/server.gen.go:356.53,358.2 1 0
full-stack-assesment/internal/api/server.gen.go:361.47,363.2 1 0
full-stack-assesment/internal/api/server.gen.go:379.66,383.2 1 1
full-stack-assesment/internal/api/server.gen.go:385.93,390.2 1 0
full-stack-assesment/internal/api/server.gen.go:393.88,396.14 2 1
full-stack-assesment/internal/api/server.gen.go:396.14,398.3 1 0
full-stack-assesment/internal/api/server.gen.go:399.2,399.37 1 1
full-stack-assesment/internal/api/server.gen.go:399.37,400.86 1 1
full-stack-assesment/internal/api/server.gen.go:400.86,402.4 1 1
full-stack-assesment/internal/api/server.gen.go:405.2,420.10 10 1
full-stack-assesment/internal/api/server.gen.go:454.35,456.16 2 1
full-stack-assesment/internal/api/server.gen.go:456.16,458.3 1 0
full-stack-assesment/internal/api/server.gen.go:459.2,460.16 2 1
full-stack-assesment/internal/api/server.gen.go:460.16,462.3 1 0
full-stack-assesment/internal/api/server.gen.go:463.2,465.16 3 1
full-stack-assesment/internal/api/server.gen.go:465.16,467.3 1 0
full-stack-assesment/internal/api/server.gen.go:469.2,469.25 1 1
full-stack-assesment/internal/api/server.gen.go:475.48,477.32 2 1
full-stack-assesment/internal/api/server.gen.go:477.32,479.3 1 0
full-stack-assesment/internal/api/server.gen.go:483.73,485.25 2 0
full-stack-assesment/internal/api/server.gen.go:485.25,487.3 1 0
full-stack-assesment/internal/api/server.gen.go:489.2,489.12 1 0
full-stack-assesment/internal/api/server.gen.go:497.52,502.87 4 0
full-stack-assesment/internal/api/server.gen.go:502.87,506.10 4 0
full-stack-assesment/internal/api/server.gen.go:506.10,509.4 2 0
full-stack-assesment/internal/api/server.gen.go:510.3,510.19 1 0
full-stack-assesment/internal/api/server.gen.go:512.2,514.16 3 0
full-stack-assesment/internal/api/server.gen.go:514.16,516.3 1 0
full-stack-assesment/internal/api/server.gen.go:517.2,518.16 2 0
full-stack-assesment/internal/api/server.gen.go:518.16,520.3 1 0
full-stack-assesment/internal/api/server.gen.go:521.2,521.8 1 0
full-stack-assesment/internal/api/server.go:27.93,32.2 1 1
full-stack-assesment/internal/api/server.go:34.68,36.2 1 1
full-stack-assesment/internal/api/server.go:38.72,42.62 3 4
full-stack-assesment/internal/api/server.go:42.62,45.3 2 0
full-stack-assesment/internal/api/server.go:47.2,48.16 2 4
full-stack-assesment/internal/api/server.go:48.16,50.44 1 2
full-stack-assesment/internal/api/server.go:50.44,53.4 2 1
full-stack-assesment/internal/api/server.go:54.3,54.88 1 1
full-stack-assesment/internal/api/server.go:54.88,57.4 2 1
full-stack-assesment/internal/api/server.go:58.3,59.9 2 0
full-stack-assesment/internal/api/server.go:62.2,68.51 2 2
full-stack-assesment/internal/api/server.go:71.71,75.16 3 1
full-stack-assesment/internal/api/server.go:75.16,77.3 1 0
full-stack-assesment/internal/api/server.go:79.2,79.47 1 1
full-stack-assesment/internal/api/server.go:82.129,86.16 3 8
full-stack-assesment/internal/api/server.go:86.16,87.42 1 2
full-stack-assesment/internal/api/server.go:87.42,90.4 2 1
full-stack-assesment/internal/api/server.go:91.3,91.46 1 1
full-stack-assesment/internal/api/server.go:91.46,94.4 2 1
full-stack-assesment/internal/api/server.go:95.3,96.9 2 0
full-stack-assesment/internal/api/server.go:98.2,98.44 1 6
full-stack-assesment/internal/api/server.go:101.93,107.62 4 11
full-stack-assesment/internal/api/server.go:107.62,110.3 2 1
full-stack-assesment/internal/api/server.go:112.2,113.16 2 10
full-stack-assesment/internal/api/server.go:113.16,114.129 1 3
full-stack-assesment/internal/api/server.go:114.129,117.4 2 2
full-stack-assesment/internal/api/server.go:118.3,118.42 1 1
full-stack-assesment/internal/api/server.go:118.42,121.4 2 1
full-stack-assesment/internal/api/server.go:122.3,123.9 2 0
full-stack-assesment/internal/api/server.go:126.2,126.48 1 7
full-stack-assesment/internal/api/server.go:129.127,133.9 3 5
full-stack-assesment/internal/api/server.go:133.9,135.3 1 0
full-stack-assesment/internal/api/server.go:136.2,137.9 2 5
full-stack-assesment/internal/api/server.go:137.9,139.3 1 0
full-stack-assesment/internal/api/server.go:141.2,142.16 2 5
full-stack-assesment/internal/api/server.go:142.16,143.27 1 1
full-stack-assesment/internal/api/server.go:143.27,146.4 2 1
full-stack-assesment/internal/api/server.go:147.3,148.9 2 0
full-stack-assesment/internal/api/server.go:151.2,151.43 1 4
full-stack-assesment/internal/api/server.go:154.126,156.92 2 3
full-stack-assesment/internal/api/server.go:156.92,157.42 1 2
full-stack-assesment/internal/api/server.go:157.42,160.4 2 1
full-stack-assesment/internal/api/server.go:161.3,161.46 1 1
full-stack-assesment/internal/api/server.go:161.46,164.4 2 1
full-stack-assesment/internal/api/server.go:165.3,166.9 2 0
full-stack-assesment/internal/api/server.go:169.2,169.60 1 1
full-stack-assesment/internal/api/server.go:172.126,175.87 2 8
full-stack-assesment/internal/api/server.go:175.87,176.42 1 1
full-stack-assesment/internal/api/server.go:176.42,179.4 2 1
full-stack-assesment/internal/api/server.go:180.3,181.9 2 0
full-stack-assesment/internal/api/server.go:184.2,185.62 2 7
full-stack-assesment/internal/api/server.go:185.62,188.3 2 1
full-stack-assesment/internal/api/server.go:190.2,193.23 3 6
full-stack-assesment/internal/api/server.go:193.23,195.18 2 3
full-stack-assesment/internal/api/server.go:195.18,198.4 2 0
full-stack-assesment/internal/api/server.go:199.3,199.23 1 3
full-stack-assesment/internal/api/server.go:199.23,202.4 2 1
full-stack-assesment/internal/api/server.go:203.3,204.29 2 2
full-stack-assesment/internal/api/server.go:206.2,206.29 1 5
full-stack-assesment/internal/api/server.go:206.29,210.3 3 1
full-stack-assesment/internal/api/server.go:211.2,211.24 1 5
full-stack-assesment/internal/api/server.go:211.24,212.68 1 3
full-stack-assesment/internal/api/server.go:212.68,215.4 2 2
full-stack-assesment/internal/api/server.go:215.9,218.4 2 1
full-stack-assesment/internal/api/server.go:221.2,221.19 1 4
full-stack-assesment/internal/api/server.go:221.19,224.3 2 1
full-stack-assesment/internal/api/server.go:226.2,231.66 5 3
full-stack-assesment/internal/api/server.go:231.66,232.46 1 1
full-stack-assesment/internal/api/server.go:232.46,235.4 2 1
full-stack-assesment/internal/api/server.go:236.3,237.9 2 0
full-stack-assesment/internal/api/server.go:240.2,240.36 1 2
full-stack-assesment/internal/helpers/helpers.go:16.58,20.2 3 38
full-stack-assesment/internal/helpers/helpers.go:22.83,24.2 1 0
full-stack-assesment/internal/helpers/helpers.go:26.64,31.2 1 16
full-stack-assesment/internal/helpers/helpers.go:33.26,33.78 1 0
full-stack-assesment/internal/helpers/helpers.go:35.41,36.59 1 32
full-stack-assesment/internal/helpers/helpers.go:36.59,38.3 1 5
full-stack-assesment/internal/helpers/helpers.go:39.2,39.25 1 27
full-stack-assesment/internal/helpers/helpers.go:42.92,45.16 3 10
full-stack-assesment/internal/helpers/helpers.go:45.16,48.3 2 0
full-stack-assesment/internal/helpers/helpers.go:49.2,49.16 1 10
full-stack-assesment/internal/helpers/helpers.go:52.36,54.16 2 37
full-stack-assesment/internal/helpers/helpers.go:54.16,56.3 1 0
full-stack-assesment/internal/helpers/helpers.go:57.2,57.22 1 37
full-stack-assesment/internal/helpers/helpers.go:60.41,61.12 1 2
full-stack-assesment/internal/helpers/helpers.go:61.12,63.3 1 0
full-stack-assesment/internal/helpers/helpers.go:64.2,64.13 1 2
full-stack-assesment/internal/helpers/helpers.go:64.13,66.3 1 0
full-stack-assesment/internal/helpers/helpers.go:67.2,67.13 1 2
full-stack-assesment/internal/helpers/helpers.go:67.13,69.3 1 0
full-stack-assesment/internal/helpers/helpers.go:70.2,70.10 1 2
full-stack-assesment/internal/helpers/helpers.go:73.57,76.34 3 0
full-stack-assesment/internal/helpers/helpers.go:76.34,77.44 1 0
full-stack-assesment/internal/helpers/helpers.go:77.44,79.4 1 0
full-stack-assesment/internal/helpers/helpers.go:81.2,81.35 1 0
full-stack-assesment/internal/helpers/helpers.go:81.35,82.54 1 0
full-stack-assesment/internal/helpers/helpers.go:82.54,84.4 1 0
full-stack-assesment/internal/helpers/helpers.go:86.2,86.8 1 0
full-stack-assesment/internal/helpers/helpers.go:89.47,91.11 2 5
full-stack-assesment/internal/helpers/helpers.go:92.37,93.17 1 2
full-stack-assesment/internal/helpers/helpers.go:94.10,95.19 1 3
full-stack-assesment/internal/middleware/cors.go:8.53,9.71 1 0
full-stack-assesment/internal/middleware/cors.go:9.71,17.28 5 0
full-stack-assesment/internal/middleware/cors.go:17.28,20.4 2 0
full-stack-assesment/internal/middleware/cors.go:23.3,23.23 1 0
full-stack-assesment/internal/middleware/logging.go:14.63,16.2 1 0
full-stack-assesment/internal/middleware/logging.go:20.49,23.2 2 0
full-stack-assesment/internal/middleware/logging.go:27.59,28.24 1 0
full-stack-assesment/internal/middleware/logging.go:28.24,30.3 1 0
full-stack-assesment/internal/middleware/logging.go:31.2,31.38 1 0
full-stack-assesment/internal/middleware/logging.go:35.56,36.71 1 0
full-stack-assesment/internal/middleware/logging.go:36.71,44.3 3 0
full-stack-assesment/internal/middleware/recoverer.go:9.56,10.71 1 0
full-stack-assesment/internal/middleware/recoverer.go:10.71,11.16 1 0
full-stack-assesment/internal/middleware/recoverer.go:11.16,12.36 1 0
full-stack-assesment/internal/middleware/recoverer.go:12.36,23.5 4 0
full-stack-assesment/internal/middleware/recoverer.go:26.3,26.23 1 0
full-stack-assesment/internal/migrate/run.go:16.51,19.52 2 1
full-stack-assesment/internal/migrate/run.go:19.52,21.3 1 0
full-stack-assesment/internal/migrate/run.go:23.2,23.63 1 1
full-stack-assesment/internal/migrate/run.go:23.63,25.3 1 0
full-stack-assesment/internal/migrate/run.go:27.2,27.67 1 1
full-stack-assesment/internal/migrate/run.go:27.67,29.3 1 0
full-stack-assesment/internal/migrate/run.go:30.2,30.12 1 1
full-stack-assesment/internal/migrate/run.go:33.53,35.52 2 0
full-stack-assesment/internal/migrate/run.go:35.52,37.3 1 0
full-stack-assesment/internal/migrate/run.go:38.2,38.49 1 0
full-stack-assesment/internal/migrate/run.go:41.51,43.52 2 0
full-stack-assesment/internal/migrate/run.go:43.52,45.3 1 0
full-stack-assesment/internal/migrate/run.go:46.2,46.50 1 0
full-stack-assesment/internal/repo/projects/projects-repo.go:32.60,34.2 1 1
full-stack-assesment/internal/repo/projects/projects-repo.go:36.88,41.125 2 3
full-stack-assesment/internal/repo/projects/projects-repo.go:41.125,43.3 1 1
full-stack-assesment/internal/repo/projects/projects-repo.go:44.2,44.12 1 2
full-stack-assesment/internal/repo/projects/projects-repo.go:47.82,54.16 3 1
full-stack-assesment/internal/repo/projects/projects-repo.go:54.16,56.3 1 0
full-stack-assesment/internal/repo/projects/projects-repo.go:57.2,57.15 1 1
full-stack-assesment/internal/repo/projects/projects-repo.go:57.15,57.35 1 1
full-stack-assesment/internal/repo/projects/projects-repo.go:59.2,60.18 2 1
full-stack-assesment/internal/repo/projects/projects-repo.go:60.18,62.70 2 1
full-stack-assesment/internal/repo/projects/projects-repo.go:62.70,64.4 1 0
full-stack-assesment/internal/repo/projects/projects-repo.go:65.3,66.22 2 1
full-stack-assesment/internal/repo/projects/projects-repo.go:66.22,68.4 1 0
full-stack-assesment/internal/repo/projects/projects-repo.go:69.3,74.5 1 1
full-stack-assesment/internal/repo/projects/projects-repo.go:76.2,76.35 1 1
full-stack-assesment/internal/repo/projects/projects-repo.go:76.35,78.3 1 0
full-stack-assesment/internal/repo/projects/projects-repo.go:79.2,79.22 1 1
full-stack-assesment/internal/repo/projects/projects-repo.go:82.95,85.75 3 27
full-stack-assesment/internal/repo/projects/projects-repo.go:85.75,86.27 1 4
full-stack-assesment/internal/repo/projects/projects-repo.go:86.27,88.4 1 4
full-stack-assesment/internal/repo/projects/projects-repo.go:89.3,89.13 1 0
full-stack-assesment/internal/repo/projects/projects-repo.go:91.2,91.12 1 23
full-stack-assesment/internal/repo/task/task-repo.go:31.52,33.2 1 1
full-stack-assesment/internal/repo/task/task-repo.go:35.75,41.26 3 7
full-stack-assesment/internal/repo/task/task-repo.go:41.26,43.3 1 1
full-stack-assesment/internal/repo/task/task-repo.go:44.2,46.126 3 7
full-stack-assesment/internal/repo/task/task-repo.go:46.126,48.3 1 0
full-stack-assesment/internal/repo/task/task-repo.go:49.2,49.12 1 7
full-stack-assesment/internal/repo/task/task-repo.go:52.110,61.26 4 5
full-stack-assesment/internal/repo/task/task-repo.go:61.26,63.3 1 1
full-stack-assesment/internal/repo/task/task-repo.go:64.2,64.16 1 4
full-stack-assesment/internal/repo/task/task-repo.go:64.16,66.3 1 0
full-stack-assesment/internal/repo/task/task-repo.go:68.2,72.31 1 4
full-stack-assesment/internal/repo/task/task-repo.go:72.31,73.18 1 4
full-stack-assesment/internal/repo/task/task-repo.go:73.18,75.5 1 1
full-stack-assesment/internal/repo/task/task-repo.go:76.4,76.16 1 3
full-stack-assesment/internal/repo/task/task-repo.go:82.2,82.18 1 4
full-stack-assesment/internal/repo/task/task-repo.go:85.122,95.16 3 6
full-stack-assesment/internal/repo/task/task-repo.go:95.16,97.3 1 0
full-stack-assesment/internal/repo/task/task-repo.go:98.2,101.18 3 6
full-stack-assesment/internal/repo/task/task-repo.go:101.18,103.97 2 11
full-stack-assesment/internal/repo/task/task-repo.go:103.97,105.4 1 0
full-stack-assesment/internal/repo/task/task-repo.go:106.3,107.36 2 11
full-stack-assesment/internal/repo/task/task-repo.go:107.36,110.4 2 1
full-stack-assesment/internal/repo/task/task-repo.go:113.3,121.5 1 11
full-stack-assesment/internal/repo/task/task-repo.go:123.2,123.17 1 6
full-stack-assesment/internal/repo/task/task-repo.go:126.97,130.16 3 2
full-stack-assesment/internal/repo/task/task-repo.go:130.16,132.3 1 0
full-stack-assesment/internal/repo/task/task-repo.go:133.2,134.14 2 2
full-stack-assesment/internal/repo/task/task-repo.go:134.14,136.3 1 1
full-stack-assesment/internal/repo/task/task-repo.go:137.2,137.12 1 1
full-stack-assesment/internal/repo/task/task-repo.go:140.86,148.16 3 3
full-stack-assesment/internal/repo/task/task-repo.go:148.16,150.3 1 0
full-stack-assesment/internal/repo/task/task-repo.go:151.2,152.14 2 3
full-stack-assesment/internal/repo/task/task-repo.go:152.14,154.3 1 1
full-stack-assesment/internal/repo/task/task-repo.go:155.2,155.12 1 2
full-stack-assesment/internal/service/projects/projects-svc.go:19.64,21.2 1 1
full-stack-assesment/internal/service/projects/projects-svc.go:23.117,25.16 2 4
full-stack-assesment/internal/service/projects/projects-svc.go:25.16,27.3 1 1
full-stack-assesment/internal/service/projects/projects-svc.go:28.2,28.29 1 3
full-stack-assesment/internal/service/projects/projects-svc.go:28.29,30.3 1 0
full-stack-assesment/internal/service/projects/projects-svc.go:32.2,43.16 5 3
full-stack-assesment/internal/service/projects/projects-svc.go:43.16,44.126 1 1
full-stack-assesment/internal/service/projects/projects-svc.go:44.126,46.4 1 1
full-stack-assesment/internal/service/projects/projects-svc.go:47.3,47.18 1 0
full-stack-assesment/internal/service/projects/projects-svc.go:50.2,50.22 1 2
full-stack-assesment/internal/service/projects/projects-svc.go:53.86,55.16 2 1
full-stack-assesment/internal/service/projects/projects-svc.go:55.16,57.3 1 0
full-stack-assesment/internal/service/projects/projects-svc.go:58.2,58.22 1 1
full-stack-assesment/internal/service/projects/projects-svc.go:61.92,62.67 1 27
full-stack-assesment/internal/service/projects/projects-svc.go:62.67,64.3 1 4
full-stack-assesment/internal/service/projects/projects-svc.go:65.2,65.12 1 23
full-stack-assesment/internal/service/task/task-svc.go:23.101,28.2 1 1
full-stack-assesment/internal/service/task/task-svc.go:30.119,33.17 2 10
full-stack-assesment/internal/service/task/task-svc.go:33.17,35.3 1 1
full-stack-assesment/internal/service/task/task-svc.go:36.2,36.22 1 9
full-stack-assesment/internal/service/task/task-svc.go:36.22,38.3 1 0
full-stack-assesment/internal/service/task/task-svc.go:39.2,40.27 2 9
full-stack-assesment/internal/service/task/task-svc.go:40.27,41.71 1 1
full-stack-assesment/internal/service/task/task-svc.go:41.71,43.4 1 0
full-stack-assesment/internal/service/task/task-svc.go:43.9,45.4 1 1
full-stack-assesment/internal/service/task/task-svc.go:48.2,48.78 1 8
full-stack-assesment/internal/service/task/task-svc.go:48.78,50.3 1 1
full-stack-assesment/internal/service/task/task-svc.go:52.2,65.49 4 7
full-stack-assesment/internal/service/task/task-svc.go:65.49,67.3 1 0
full-stack-assesment/internal/service/task/task-svc.go:68.2,68.19 1 7
full-stack-assesment/internal/service/task/task-svc.go:71.111,73.16 2 5
full-stack-assesment/internal/service/task/task-svc.go:73.16,75.3 1 1
full-stack-assesment/internal/service/task/task-svc.go:76.2,76.18 1 4
full-stack-assesment/internal/service/task/task-svc.go:79.126,81.78 1 8
full-stack-assesment/internal/service/task/task-svc.go:81.78,83.3 1 1
full-stack-assesment/internal/service/task/task-svc.go:85.2,92.26 2 7
full-stack-assesment/internal/service/task/task-svc.go:92.26,93.70 1 1
full-stack-assesment/internal/service/task/task-svc.go:93.70,96.4 2 0
full-stack-assesment/internal/service/task/task-svc.go:96.9,98.4 1 1
full-stack-assesment/internal/service/task/task-svc.go:100.2,100.21 1 6
full-stack-assesment/internal/service/task/task-svc.go:100.21,102.14 2 2
full-stack-assesment/internal/service/task/task-svc.go:102.14,105.4 2 2
full-stack-assesment/internal/service/task/task-svc.go:107.2,107.25 1 6
full-stack-assesment/internal/service/task/task-svc.go:107.25,109.3 1 2
full-stack-assesment/internal/service/task/task-svc.go:110.2,110.49 1 6
full-stack-assesment/internal/service/task/task-svc.go:110.49,112.3 1 2
full-stack-assesment/internal/service/task/task-svc.go:114.2,117.16 3 6
full-stack-assesment/internal/service/task/task-svc.go:117.16,119.3 1 0
full-stack-assesment/internal/service/task/task-svc.go:121.2,121.19 1 6
full-stack-assesment/internal/service/task/task-svc.go:124.98,125.80 1 3
full-stack-assesment/internal/service/task/task-svc.go:125.80,127.3 1 1
full-stack-assesment/internal/service/task/task-svc.go:128.2,128.66 1 2
full-stack-assesment/internal/service/task/task-svc.go:128.66,130.3 1 1
full-stack-assesment/internal/service/task/task-svc.go:131.2,131.12 1 1
full-stack-assesment/internal/service/task/task-svc.go:134.87,136.54 1 3
full-stack-assesment/internal/service/task/task-svc.go:136.54,138.3 1 1
full-stack-assesment/internal/service/task/task-svc.go:139.2,139.12 1 2
full-stack-assesment/internal/store/db.go:24.53,27.16 3 0
full-stack-assesment/internal/store/db.go:27.16,29.3 1 0
full-stack-assesment/internal/store/db.go:31.2,34.55 3 0
full-stack-assesment/internal/store/db.go:34.55,37.3 2 0
full-stack-assesment/internal/store/db.go:38.2,38.16 1 0
